<?xml version="1.0" encoding="UTF-8"?>
<!-- Generated by org.testng.reporters.JUnitReportReporter -->
<testsuite hostname="COG-WIN-MAC03" failures="0" tests="7" name="testCases.TimeTrackForFlagTrackEntryTest" time="1705.734" errors="0" timestamp="2023-08-18T03:37:33 IST" skipped="0">
  <testcase classname="testCases.TimeTrackForFlagTrackEntryTest" name="ValidationCheck" time="70.559"/>
  <system-out/>
  <testcase classname="testCases.TimeTrackForFlagTrackEntryTest" name="startTimeTrack" time="335.126"/>
  <system-out/>
  <testcase classname="testCases.TimeTrackForFlagTrackEntryTest" name="VerifyTimeTrackactivity" time="152.136"/>
  <system-out/>
  <testcase classname="testCases.TimeTrackForFlagTrackEntryTest" name="VerifyclanderViewFunctionality" time="178.156"/>
  <system-out/>
  <testcase classname="testCases.TimeTrackForFlagTrackEntryTest" name="validatetimeEntryThroughFilter" time="336.259"/>
  <system-out/>
  <testcase classname="testCases.TimeTrackForFlagTrackEntryTest" name="validateAddTimeEntryManually" time="121.670"/>
  <system-out/>
  <testcase classname="testCases.TimeTrackForFlagTrackEntryTest" name="updateAnddeleteTimeEntry" time="511.828"/>
  <system-out/>
</testsuite> <!-- testCases.TimeTrackForFlagTrackEntryTest -->
