<?xml version="1.0" encoding="UTF-8"?>
<!-- Generated by org.testng.reporters.JUnitReportReporter -->
<testsuite hostname="COG-WIN-MAC03" failures="0" tests="5" name="testCases.AuditRuleTest" time="403.476" errors="0" timestamp="2022-12-09T13:47:31 IST" skipped="0">
  <testcase classname="testCases.AuditRuleTest" name="validationCheck" time="35.591"/>
  <system-out/>
  <testcase classname="testCases.AuditRuleTest" name="addNewAuditRuleWithEqualTimeTrackingHour" time="190.112"/>
  <system-out/>
  <testcase classname="testCases.AuditRuleTest" name="validationCheckOfAuditRuleName" time="53.155"/>
  <system-out/>
  <testcase classname="testCases.AuditRuleTest" name="validationCheckOfAuditUpdate" time="63.227"/>
  <system-out/>
  <testcase classname="testCases.AuditRuleTest" name="validationCheckOfAuditRemove" time="61.391"/>
  <system-out/>
</testsuite> <!-- testCases.AuditRuleTest -->
