<?xml version="1.0" encoding="UTF-8"?>
<!-- Generated by org.testng.reporters.JUnitReportReporter -->
<testsuite hostname="COG-WIN-MAC03" failures="0" tests="2" name="testCases.ProjectListingTest" time="201.565" errors="0" timestamp="2022-12-09T13:47:31 IST" skipped="0">
  <testcase classname="testCases.ProjectListingTest" name="addProjectWithDefaultTemplate" time="114.804"/>
  <system-out/>
  <testcase classname="testCases.ProjectListingTest" name="deleteProjectFromList" time="86.761"/>
  <system-out/>
</testsuite> <!-- testCases.ProjectListingTest -->
