<?xml version="1.0" encoding="UTF-8"?>
<!-- Generated by org.testng.reporters.JUnitReportReporter -->
<testsuite hostname="COG-WIN-MAC03" failures="0" tests="1" name="testCases.TimeSheetTest" time="440.121" errors="0" timestamp="2022-12-09T15:50:26 IST" skipped="0">
  <testcase classname="testCases.TimeSheetTest" name="validatefunctionalityOfTimeSheet" time="440.121"/>
  <system-out/>
</testsuite> <!-- testCases.TimeSheetTest -->
