<?xml version="1.0" encoding="UTF-8"?>
<!-- Generated by org.testng.reporters.JUnitReportReporter -->
<testsuite hostname="COG-WIN-MAC03" failures="0" tests="1" name="testCases.BulkTimeEntryTest" time="206.016" errors="0" timestamp="2022-12-09T14:44:13 IST" skipped="0">
  <testcase classname="testCases.BulkTimeEntryTest" name="addBulkTimeEntry" time="206.016"/>
  <system-out/>
</testsuite> <!-- testCases.BulkTimeEntryTest -->
