<?xml version="1.0" encoding="UTF-8"?>
<!-- Generated by org.testng.reporters.JUnitReportReporter -->
<testsuite hostname="COG-WIN-MAC03" failures="0" tests="3" name="testCases.TimeApprovalTest" time="664.100" errors="0" timestamp="2022-12-09T15:35:40 IST" skipped="0">
  <testcase classname="testCases.TimeApprovalTest" name="ValidationCheck" time="22.142"/>
  <system-out/>
  <testcase classname="testCases.TimeApprovalTest" name="ValidateTimeSheetRejectionFunctionality" time="437.685"/>
  <system-out/>
  <testcase classname="testCases.TimeApprovalTest" name="ValidateTimeSheetApproveFunctionality" time="204.273"/>
  <system-out/>
</testsuite> <!-- testCases.TimeApprovalTest -->
