<?xml version="1.0" encoding="UTF-8"?>
<!-- Generated by org.testng.reporters.JUnitReportReporter -->
<testsuite hostname="COG-WIN-MAC03" failures="0" tests="6" name="testCases.TimeTrackForFlagTrackEntryTest" time="1142.182" errors="0" timestamp="2022-12-09T13:47:31 IST" skipped="0">
  <testcase classname="testCases.TimeTrackForFlagTrackEntryTest" name="ValidationCheck" time="45.850"/>
  <system-out/>
  <testcase classname="testCases.TimeTrackForFlagTrackEntryTest" name="startTimeTrack" time="244.917"/>
  <system-out/>
  <testcase classname="testCases.TimeTrackForFlagTrackEntryTest" name="VerifyTimeTrackactivity" time="126.154"/>
  <system-out/>
  <testcase classname="testCases.TimeTrackForFlagTrackEntryTest" name="VerifyclanderViewFunctionality" time="230.153"/>
  <system-out/>
  <testcase classname="testCases.TimeTrackForFlagTrackEntryTest" name="validatetimeEntryThroughFilter" time="379.570"/>
  <system-out/>
  <testcase classname="testCases.TimeTrackForFlagTrackEntryTest" name="validateAddTimeEntryManually" time="115.538"/>
  <system-out/>
</testsuite> <!-- testCases.TimeTrackForFlagTrackEntryTest -->
