<?xml version="1.0" encoding="UTF-8"?>
<!-- Generated by org.testng.reporters.JUnitReportReporter -->
<testsuite hostname="COG-WIN-MAC03" failures="0" tests="2" name="testCases.ProjectListingTest" time="384.369" errors="0" timestamp="2023-08-17T21:16:00 IST" skipped="0">
  <testcase classname="testCases.ProjectListingTest" name="addProjectWithDefaultTemplate" time="230.968"/>
  <system-out/>
  <testcase classname="testCases.ProjectListingTest" name="deleteProjectFromList" time="153.401"/>
  <system-out/>
</testsuite> <!-- testCases.ProjectListingTest -->
