<?xml version="1.0" encoding="UTF-8"?>
<!-- Generated by org.testng.reporters.JUnitReportReporter -->
<testsuite hostname="COG-WIN-MAC03" failures="0" tests="2" name="testCases.CompanySetupAddUserTest" time="287.716" errors="0" timestamp="2023-08-14T22:23:41 IST" skipped="0">
  <testcase classname="testCases.CompanySetupAddUserTest" name="ValidationCheck" time="179.893"/>
  <system-out/>
  <testcase classname="testCases.CompanySetupAddUserTest" name="addUser" time="107.823"/>
  <system-out/>
</testsuite> <!-- testCases.CompanySetupAddUserTest -->
