<?xml version="1.0" encoding="UTF-8"?>
<!-- Generated by org.testng.reporters.JUnitReportReporter -->
<testsuite hostname="COG-WIN-MAC03" failures="0" tests="1" name="testCases.TimeTrackTest" time="266.552" errors="0" timestamp="2022-12-09T15:41:03 IST" skipped="0">
  <testcase classname="testCases.TimeTrackTest" name="startTimeTrack" time="266.552"/>
  <system-out/>
</testsuite> <!-- testCases.TimeTrackTest -->
