<?xml version="1.0" encoding="UTF-8"?>
<!-- Generated by org.testng.reporters.JUnitReportReporter -->
<testsuite hostname="COG-WIN-MAC03" failures="0" tests="7" name="testCases.TimeTrackTest" time="2025.461" errors="0" timestamp="2023-08-18T04:15:13 IST" skipped="0">
  <testcase classname="testCases.TimeTrackTest" name="ValidationCheck" time="93.650"/>
  <system-out/>
  <testcase classname="testCases.TimeTrackTest" name="startTimeTrack" time="408.546"/>
  <system-out/>
  <testcase classname="testCases.TimeTrackTest" name="VerifyTimeTrackactivity" time="173.641"/>
  <system-out/>
  <testcase classname="testCases.TimeTrackTest" name="VerifyclanderViewFunctionality" time="264.124"/>
  <system-out/>
  <testcase classname="testCases.TimeTrackTest" name="validatetimeEntryThroughFilter" time="393.969"/>
  <system-out/>
  <testcase classname="testCases.TimeTrackTest" name="validateAddTimeEntryManually" time="393.073"/>
  <system-out/>
  <testcase classname="testCases.TimeTrackTest" name="updateAnddeleteTimeEntry" time="298.458"/>
  <system-out/>
</testsuite> <!-- testCases.TimeTrackTest -->
