<?xml version="1.0" encoding="UTF-8"?>
<!-- Generated by org.testng.reporters.JUnitReportReporter -->
<testsuite hostname="COG-WIN-MAC03" failures="0" tests="2" name="testCases.CompanySetupAddUserTest" time="255.351" errors="0" timestamp="2022-11-23T10:23:16 IST" skipped="0">
  <testcase classname="testCases.CompanySetupAddUserTest" name="ValidationCheck" time="166.387"/>
  <system-out/>
  <testcase classname="testCases.CompanySetupAddUserTest" name="addUser" time="88.964"/>
  <system-out/>
</testsuite> <!-- testCases.CompanySetupAddUserTest -->
