<?xml version="1.0" encoding="UTF-8"?>
<!-- Generated by org.testng.reporters.JUnitReportReporter -->
<testsuite hostname="COG-WIN-MAC03" failures="0" tests="1" name="testCases.TimeTrackForBulkTrackEntryTest" time="214.495" errors="0" timestamp="2022-09-13T11:30:02 IST" skipped="0">
  <testcase classname="testCases.TimeTrackForBulkTrackEntryTest" name="startTimeTrack" time="214.495"/>
  <system-out/>
</testsuite> <!-- testCases.TimeTrackForBulkTrackEntryTest -->
