<?xml version="1.0" encoding="UTF-8"?>
<!-- Generated by org.testng.reporters.JUnitReportReporter -->
<testsuite hostname="COG-WIN-MAC03" failures="0" tests="37" name="testCases.TimeReportTest" time="5152.053" errors="0" timestamp="2022-12-09T13:47:31 IST" skipped="0">
  <testcase classname="testCases.TimeReportTest" name="ValidationCheck" time="37.044"/>
  <system-out/>
  <testcase classname="testCases.TimeReportTest" name="ValidationOneMonthProjectReportWithUserName" time="73.285"/>
  <system-out/>
  <testcase classname="testCases.TimeReportTest" name="ValidationOneMonthProjectReportWithDepartmentName" time="90.540"/>
  <system-out/>
  <testcase classname="testCases.TimeReportTest" name="ValidationOneMonthProjectReportWithProjectName" time="267.742"/>
  <system-out/>
  <testcase classname="testCases.TimeReportTest" name="ValidationOfOneWeekProjectReportWithUserName" time="158.317"/>
  <system-out/>
  <testcase classname="testCases.TimeReportTest" name="ValidationOfOneWeekProjectReportWithDepartmentName" time="157.352"/>
  <system-out/>
  <testcase classname="testCases.TimeReportTest" name="ValidationOfOneWeekProjectReportWithProjectName" time="174.281"/>
  <system-out/>
  <testcase classname="testCases.TimeReportTest" name="ValidationOfClientReportWithUserName" time="121.107"/>
  <system-out/>
  <testcase classname="testCases.TimeReportTest" name="ValidationOfClientReportWithProjectName" time="152.839"/>
  <system-out/>
  <testcase classname="testCases.TimeReportTest" name="ValidationOfClientReportWithDepartmentName" time="125.853"/>
  <system-out/>
  <testcase classname="testCases.TimeReportTest" name="ValidationOfentryWiseReportwithUsername" time="120.684"/>
  <system-out/>
  <testcase classname="testCases.TimeReportTest" name="ValidationOfentryWiseReportwithProjectName" time="133.922"/>
  <system-out/>
  <testcase classname="testCases.TimeReportTest" name="ValidationOfentryWiseReportwithDepartmentName" time="151.580"/>
  <system-out/>
  <testcase classname="testCases.TimeReportTest" name="ValidationOfHalfYearlyProjectReportwithUserName" time="159.951"/>
  <system-out/>
  <testcase classname="testCases.TimeReportTest" name="ValidationOfHalfYearlyProjectReportwithDepartmentName" time="159.431"/>
  <system-out/>
  <testcase classname="testCases.TimeReportTest" name="ValidationOfHalfYearlyProjectReportwithProjectName" time="171.521"/>
  <system-out/>
  <testcase classname="testCases.TimeReportTest" name="ValidationOfprofitabilityProjectReportwithProjectName" time="153.676"/>
  <system-out/>
  <testcase classname="testCases.TimeReportTest" name="ValidationOfprofitabilityProjectReportwithchannelName" time="178.788"/>
  <system-out/>
  <testcase classname="testCases.TimeReportTest" name="ValidationOfProjectDetailsReportWithUsername" time="172.251"/>
  <system-out/>
  <testcase classname="testCases.TimeReportTest" name="ValidationOfProjectDetailsReportWithProjectname" time="166.683"/>
  <system-out/>
  <testcase classname="testCases.TimeReportTest" name="ValidationOfProjectDetailsReportWithDepartmentname" time="157.312"/>
  <system-out/>
  <testcase classname="testCases.TimeReportTest" name="ValidationOfProjectReportWithUsername" time="119.207"/>
  <system-out/>
  <testcase classname="testCases.TimeReportTest" name="ValidationOfProjectReportWithPriojectname" time="135.021"/>
  <system-out/>
  <testcase classname="testCases.TimeReportTest" name="ValidationOfProjectReportWithDepartnamename" time="147.876"/>
  <system-out/>
  <testcase classname="testCases.TimeReportTest" name="ValidationOfProjectwiseReportWithTeamMemeber" time="143.507"/>
  <system-out/>
  <testcase classname="testCases.TimeReportTest" name="ValidationOfProjectwiseReportWithProjectName" time="122.014"/>
  <system-out/>
  <testcase classname="testCases.TimeReportTest" name="ValidationOfTrackEnrtyDetailsReportWithUserName" time="133.928"/>
  <system-out/>
  <testcase classname="testCases.TimeReportTest" name="ValidationOfTrackEnrtyDetailsReportWithProjectName" time="108.464"/>
  <system-out/>
  <testcase classname="testCases.TimeReportTest" name="ValidationOfTrackEnrtyDetailsReportWithDepartmentname" time="124.142"/>
  <system-out/>
  <testcase classname="testCases.TimeReportTest" name="ValidationOfTimeSheetReportWithUsername" time="148.470"/>
  <system-out/>
  <testcase classname="testCases.TimeReportTest" name="ValidationOfTimeSheetReportWithProjectname" time="114.762"/>
  <system-out/>
  <testcase classname="testCases.TimeReportTest" name="ValidationOfUserReportWithusername" time="119.961"/>
  <system-out/>
  <testcase classname="testCases.TimeReportTest" name="ValidationOfUserReportWithProjectname" time="122.502"/>
  <system-out/>
  <testcase classname="testCases.TimeReportTest" name="ValidationOfUserReportWithDepartmentname" time="171.202"/>
  <system-out/>
  <testcase classname="testCases.TimeReportTest" name="ValidationOfUserWiseReportWithUserName" time="120.559"/>
  <system-out/>
  <testcase classname="testCases.TimeReportTest" name="ValidationOfUserWiseReportWithProjectName" time="117.162"/>
  <system-out/>
  <testcase classname="testCases.TimeReportTest" name="ValidationOfUserWiseReportWithDepartmentName" time="119.117"/>
  <system-out/>
</testsuite> <!-- testCases.TimeReportTest -->
