<?xml version="1.0" encoding="UTF-8"?>
<!-- Generated by org.testng.reporters.JUnitReportReporter -->
<testsuite hostname="COG-WIN-MAC03" failures="0" tests="5" name="testCases.AuditRuleTest" time="518.828" errors="0" timestamp="2023-08-18T03:37:33 IST" skipped="0">
  <testcase classname="testCases.AuditRuleTest" name="validationCheck" time="50.312"/>
  <system-out/>
  <testcase classname="testCases.AuditRuleTest" name="addNewAuditRuleWithEqualTimeTrackingHour" time="222.508"/>
  <system-out/>
  <testcase classname="testCases.AuditRuleTest" name="validationCheckOfAuditRuleName" time="70.026"/>
  <system-out/>
  <testcase classname="testCases.AuditRuleTest" name="validationCheckOfAuditUpdate" time="93.286"/>
  <system-out/>
  <testcase classname="testCases.AuditRuleTest" name="validationCheckOfAuditRemove" time="82.696"/>
  <system-out/>
</testsuite> <!-- testCases.AuditRuleTest -->
